c:\users\ghost\desktop\semester 3\oop & ds\oop project\oopproject\x64\release\vc142.pdb
c:\users\ghost\desktop\semester 3\oop & ds\oop project\oopproject\x64\release\.netframework,version=v4.7.2.assemblyattributes.obj
c:\users\ghost\desktop\semester 3\oop & ds\oop project\oopproject\x64\release\scorecontrol.obj
c:\users\ghost\desktop\semester 3\oop & ds\oop project\oopproject\x64\release\player.obj
c:\users\ghost\desktop\semester 3\oop & ds\oop project\oopproject\x64\release\mdiops.obj
c:\users\ghost\desktop\semester 3\oop & ds\oop project\oopproject\x64\release\inputscreen.obj
c:\users\ghost\desktop\semester 3\oop & ds\oop project\oopproject\x64\release\home.obj
c:\users\ghost\desktop\semester 3\oop & ds\oop project\oopproject\x64\release\cricket.obj
c:\users\ghost\desktop\semester 3\oop & ds\oop project\oopproject\x64\release\oopproject.exe
c:\users\ghost\desktop\semester 3\oop & ds\oop project\oopproject\x64\release\oopproject.pdb
c:\users\ghost\desktop\semester 3\oop & ds\oop project\oopproject\x64\release\oopproject.home.resources
c:\users\ghost\desktop\semester 3\oop & ds\oop project\oopproject\x64\release\oopproject.inputscreen.resources
c:\users\ghost\desktop\semester 3\oop & ds\oop project\oopproject\x64\release\oopproject.player.resources
c:\users\ghost\desktop\semester 3\oop & ds\oop project\oopproject\x64\release\oopproject.scorecontrol.resources
c:\users\ghost\desktop\semester 3\oop & ds\oop project\oopproject\x64\release\oopproject.exe.metagen
c:\users\ghost\desktop\semester 3\oop & ds\oop project\oopproject\x64\release\oopproject.tlog\cl.command.1.tlog
c:\users\ghost\desktop\semester 3\oop & ds\oop project\oopproject\x64\release\oopproject.tlog\cl.read.1.tlog
c:\users\ghost\desktop\semester 3\oop & ds\oop project\oopproject\x64\release\oopproject.tlog\cl.write.1.tlog
c:\users\ghost\desktop\semester 3\oop & ds\oop project\oopproject\x64\release\oopproject.tlog\link.command.1.tlog
c:\users\ghost\desktop\semester 3\oop & ds\oop project\oopproject\x64\release\oopproject.tlog\link.read.1.tlog
c:\users\ghost\desktop\semester 3\oop & ds\oop project\oopproject\x64\release\oopproject.tlog\link.write.1.tlog
c:\users\ghost\desktop\semester 3\oop & ds\oop project\oopproject\x64\release\oopproject.tlog\metagen.read.1.tlog
c:\users\ghost\desktop\semester 3\oop & ds\oop project\oopproject\x64\release\oopproject.tlog\metagen.write.1.tlog
c:\users\ghost\desktop\semester 3\oop & ds\oop project\oopproject\x64\release\oopproject.tlog\oopproject.write.1u.tlog
