c:\users\ghost\desktop\semester 3\oop & ds\oop project\oopproject\x64\debug\vc142.pdb
c:\users\ghost\desktop\semester 3\oop & ds\oop project\oopproject\x64\debug\.netframework,version=v4.7.2.assemblyattributes.obj
c:\users\ghost\desktop\semester 3\oop & ds\oop project\oopproject\x64\debug\scorecontrol.obj
c:\users\ghost\desktop\semester 3\oop & ds\oop project\oopproject\x64\debug\player.obj
c:\users\ghost\desktop\semester 3\oop & ds\oop project\oopproject\x64\debug\mdiops.obj
c:\users\ghost\desktop\semester 3\oop & ds\oop project\oopproject\x64\debug\inputscreen.obj
c:\users\ghost\desktop\semester 3\oop & ds\oop project\oopproject\x64\debug\home.obj
c:\users\ghost\desktop\semester 3\oop & ds\oop project\oopproject\x64\debug\cricket.obj
c:\users\ghost\desktop\semester 3\oop & ds\oop project\oopproject\x64\debug\oopproject.exe
c:\users\ghost\desktop\semester 3\oop & ds\oop project\oopproject\x64\debug\oopproject.pdb
c:\users\ghost\desktop\semester 3\oop & ds\oop project\oopproject\x64\debug\oopproject.home.resources
c:\users\ghost\desktop\semester 3\oop & ds\oop project\oopproject\x64\debug\oopproject.inputscreen.resources
c:\users\ghost\desktop\semester 3\oop & ds\oop project\oopproject\x64\debug\oopproject.player.resources
c:\users\ghost\desktop\semester 3\oop & ds\oop project\oopproject\x64\debug\oopproject.scorecontrol.resources
c:\users\ghost\desktop\semester 3\oop & ds\oop project\oopproject\x64\debug\oopproject.exe.metagen
c:\users\ghost\desktop\semester 3\oop & ds\oop project\oopproject\x64\debug\oopproject.tlog\cl.command.1.tlog
c:\users\ghost\desktop\semester 3\oop & ds\oop project\oopproject\x64\debug\oopproject.tlog\cl.read.1.tlog
c:\users\ghost\desktop\semester 3\oop & ds\oop project\oopproject\x64\debug\oopproject.tlog\cl.write.1.tlog
c:\users\ghost\desktop\semester 3\oop & ds\oop project\oopproject\x64\debug\oopproject.tlog\link.command.1.tlog
c:\users\ghost\desktop\semester 3\oop & ds\oop project\oopproject\x64\debug\oopproject.tlog\link.read.1.tlog
c:\users\ghost\desktop\semester 3\oop & ds\oop project\oopproject\x64\debug\oopproject.tlog\link.write.1.tlog
c:\users\ghost\desktop\semester 3\oop & ds\oop project\oopproject\x64\debug\oopproject.tlog\metagen.read.1.tlog
c:\users\ghost\desktop\semester 3\oop & ds\oop project\oopproject\x64\debug\oopproject.tlog\metagen.write.1.tlog
c:\users\ghost\desktop\semester 3\oop & ds\oop project\oopproject\x64\debug\oopproject.tlog\oopproject.write.1u.tlog
